<?xml version="1.0" encoding="UTF-8"?>
<!-- Generated by org.testng.reporters.JUnitReportReporter -->
<testsuite hostname="Titu" name="Pack1.SearchHappyPath" tests="1" failures="0" timestamp="24 Mar 2017 07:15:06 GMT" time="22.210" errors="0">
  <testcase name="search" time="22.210" classname="Pack1.SearchHappyPath"/>
</testsuite> <!-- Pack1.SearchHappyPath -->
