<?xml version="1.0" encoding="UTF-8"?>
<!-- Generated by org.testng.reporters.JUnitReportReporter -->
<testsuite hostname="Titu" name="Pack1.Search" tests="1" failures="0" timestamp="23 Mar 2017 07:39:06 GMT" time="19.357" errors="0">
  <testcase name="search" time="19.357" classname="Pack1.Search"/>
</testsuite> <!-- Pack1.Search -->
